<?xml version="1.0" encoding="UTF-8"?>
<testsuite xmlns:xsi="http://www.w3.org/2001/XMLSchema-instance" xsi:noNamespaceSchemaLocation="https://maven.apache.org/surefire/maven-surefire-plugin/xsd/surefire-test-report.xsd" version="3.0.2" name="com.test.tennis.TennisGameTest" time="1.179" tests="5" errors="0" skipped="0" failures="0">
  <properties>
[...]
</properties>
  <testcase name="testPlayerBWinsFirstBall" classname="com.test.tennis.TennisGameTest" time="0.418">
    <system-out><![CDATA[02:14:39.057 [main] INFO org.springframework.test.context.support.AnnotationConfigContextLoaderUtils -- Could not detect default configuration classes for test class [com.test.tennis.TennisGameTest]: TennisGameTest does not declare any static, non-private, non-final, nested classes annotated with @Configuration.
02:14:39.105 [main] INFO org.springframework.boot.test.context.SpringBootTestContextBootstrapper -- Found @SpringBootConfiguration com.test.tennis.TennisApplication for test class com.test.tennis.TennisGameTest

  .   ____          _            __ _ _
 /\\ / ___'_ __ _ _(_)_ __  __ _ \ \ \ \
( ( )\___ | '_ | '_| | '_ \/ _` | \ \ \ \
 \\/  ___)| |_)| | | | | || (_| |  ) ) ) )
  '  |____| .__|_| |_|_| |_\__, | / / / /
 =========|_|==============|___/=/_/_/_/

 :: Spring Boot ::                (v3.4.1)

2025-02-03T02:14:39.277+01:00  INFO 99985 --- [tennis] [           main] com.test.tennis.TennisGameTest           : Starting TennisGameTest using Java 21.0.3 with PID 99985 (started by oussamabenhrif in /Users/oussamabenhrif/eclipse-workspace/TennisKataApp)
2025-02-03T02:14:39.277+01:00  INFO 99985 --- [tennis] [           main] com.test.tennis.TennisGameTest           : No active profile set, falling back to 1 default profile: "default"
2025-02-03T02:14:39.694+01:00  INFO 99985 --- [tennis] [           main] com.test.tennis.TennisGameTest           : Started TennisGameTest in 0.525 seconds (process running for 1.043)
Player A: 0 / Player B: 15
]]></system-out>
    <system-err><![CDATA[Mockito is currently self-attaching to enable the inline-mock-maker. This will no longer work in future releases of the JDK. Please add Mockito as an agent to your build what is described in Mockito's documentation: https://javadoc.io/doc/org.mockito/mockito-core/latest/org/mockito/Mockito.html#0.3
WARNING: A Java agent has been loaded dynamically (/Users/oussamabenhrif/.m2/repository/net/bytebuddy/byte-buddy-agent/1.15.11/byte-buddy-agent-1.15.11.jar)
WARNING: If a serviceability tool is in use, please run with -XX:+EnableDynamicAgentLoading to hide this warning
WARNING: If a serviceability tool is not in use, please run with -Djdk.instrument.traceUsage for more information
WARNING: Dynamic loading of agents will be disallowed by default in a future release
]]></system-err>
  </testcase>
  <testcase name="testAdvantagePlayerA" classname="com.test.tennis.TennisGameTest" time="0.018">
    <system-out><![CDATA[Player A: 15 / Player B: 0
Player A: 30 / Player B: 0
Player A: 40 / Player B: 0
Player A: 40 / Player B: 15
Player A: 40 / Player B: 30
Deuce
Advantage Player A
]]></system-out>
  </testcase>
  <testcase name="testAdvantagePlayerB" classname="com.test.tennis.TennisGameTest" time="0.002">
    <system-out><![CDATA[Player A: 15 / Player B: 0
Player A: 30 / Player B: 0
Player A: 40 / Player B: 0
Player A: 40 / Player B: 15
Player A: 40 / Player B: 30
Deuce
Advantage Player B
]]></system-out>
  </testcase>
  <testcase name="testPlayerAWinsFirstBall" classname="com.test.tennis.TennisGameTest" time="0.002">
    <system-out><![CDATA[Player A: 15 / Player B: 0
]]></system-out>
  </testcase>
  <testcase name="testIsDeuce" classname="com.test.tennis.TennisGameTest" time="0.002">
    <system-out><![CDATA[Player A: 15 / Player B: 0
Player A: 30 / Player B: 0
Player A: 40 / Player B: 0
Player A: 40 / Player B: 15
Player A: 40 / Player B: 30
Deuce
]]></system-out>
  </testcase>
</testsuite>